[debug] [2022-05-12T19:56:04.505Z] ----------------------------------------------------------------------
[debug] [2022-05-12T19:56:04.508Z] Command:       C:\Program Files\nodejs\node.exe C:\Users\sele7\AppData\Roaming\npm\node_modules\firebase-tools\lib\bin\firebase.js login y
[debug] [2022-05-12T19:56:04.508Z] CLI Version:   10.9.2
[debug] [2022-05-12T19:56:04.508Z] Platform:      win32
[debug] [2022-05-12T19:56:04.508Z] Node Version:  v14.5.0
[debug] [2022-05-12T19:56:04.509Z] Time:          Thu May 12 2022 15:56:04 GMT-0400 (Eastern Daylight Time)
[debug] [2022-05-12T19:56:04.509Z] ----------------------------------------------------------------------
[debug] 
[debug] [2022-05-12T19:56:04.512Z] >>> [apiv2][query] GET https://firebase-public.firebaseio.com/cli.json [none]
[error] 
[error] Error: Too many arguments. Run firebase help login for usage instructions
[debug] [2022-05-12T19:56:13.831Z] ----------------------------------------------------------------------
[debug] [2022-05-12T19:56:13.833Z] Command:       C:\Program Files\nodejs\node.exe C:\Users\sele7\AppData\Roaming\npm\node_modules\firebase-tools\lib\bin\firebase.js login
[debug] [2022-05-12T19:56:13.833Z] CLI Version:   10.9.2
[debug] [2022-05-12T19:56:13.833Z] Platform:      win32
[debug] [2022-05-12T19:56:13.834Z] Node Version:  v14.5.0
[debug] [2022-05-12T19:56:13.834Z] Time:          Thu May 12 2022 15:56:13 GMT-0400 (Eastern Daylight Time)
[debug] [2022-05-12T19:56:13.835Z] ----------------------------------------------------------------------
[debug] 
[debug] [2022-05-12T19:56:13.837Z] >>> [apiv2][query] GET https://firebase-public.firebaseio.com/cli.json [none]
[info] i  Firebase optionally collects CLI usage and error reporting information to help improve our products. Data is collected in accordance with Google's privacy policy (https://policies.google.com/privacy) and is not used to identify you.
 
